2022-04-13 11:45:51.501 INFO [main] [CreateUser.create_user(CreateUser.java:37)] - Fetching the user database from excel file
2022-04-13 11:45:51.591 DEBUG [main] [org.apache.poi.openxml4j.opc.PackageRelationshipCollection.parseRelationshipsPart(PackageRelationshipCollection.java:309)] - Parsing relationship: /xl/_rels/workbook.xml.rels
2022-04-13 11:45:51.593 DEBUG [main] [org.apache.poi.openxml4j.opc.PackageRelationshipCollection.parseRelationshipsPart(PackageRelationshipCollection.java:309)] - Parsing relationship: /xl/worksheets/_rels/sheet1.xml.rels
2022-04-13 11:45:51.594 DEBUG [main] [org.apache.poi.openxml4j.opc.PackageRelationshipCollection.parseRelationshipsPart(PackageRelationshipCollection.java:309)] - Parsing relationship: /_rels/.rels
2022-04-13 11:45:51.854 DEBUG [main] [org.apache.poi.ooxml.POIXMLFactory.createDocumentPart(POIXMLFactory.java:65)] - using default POIXMLDocumentPart for http://schemas.openxmlformats.org/officeDocument/2006/relationships/printerSettings
2022-04-13 11:45:51.916 DEBUG [main] [org.apache.poi.openxml4j.opc.PackageRelationshipCollection.parseRelationshipsPart(PackageRelationshipCollection.java:309)] - Parsing relationship: /xl/_rels/workbook.xml.rels
2022-04-13 11:45:51.917 DEBUG [main] [org.apache.poi.openxml4j.opc.PackageRelationshipCollection.parseRelationshipsPart(PackageRelationshipCollection.java:309)] - Parsing relationship: /xl/worksheets/_rels/sheet1.xml.rels
2022-04-13 11:45:51.918 DEBUG [main] [org.apache.poi.openxml4j.opc.PackageRelationshipCollection.parseRelationshipsPart(PackageRelationshipCollection.java:309)] - Parsing relationship: /_rels/.rels
2022-04-13 11:45:51.927 DEBUG [main] [org.apache.poi.ooxml.POIXMLFactory.createDocumentPart(POIXMLFactory.java:65)] - using default POIXMLDocumentPart for http://schemas.openxmlformats.org/officeDocument/2006/relationships/printerSettings
2022-04-13 11:45:51.947 DEBUG [main] [org.apache.poi.openxml4j.opc.PackageRelationshipCollection.parseRelationshipsPart(PackageRelationshipCollection.java:309)] - Parsing relationship: /xl/_rels/workbook.xml.rels
2022-04-13 11:45:51.948 DEBUG [main] [org.apache.poi.openxml4j.opc.PackageRelationshipCollection.parseRelationshipsPart(PackageRelationshipCollection.java:309)] - Parsing relationship: /xl/worksheets/_rels/sheet1.xml.rels
2022-04-13 11:45:51.949 DEBUG [main] [org.apache.poi.openxml4j.opc.PackageRelationshipCollection.parseRelationshipsPart(PackageRelationshipCollection.java:309)] - Parsing relationship: /_rels/.rels
2022-04-13 11:45:51.956 DEBUG [main] [org.apache.poi.ooxml.POIXMLFactory.createDocumentPart(POIXMLFactory.java:65)] - using default POIXMLDocumentPart for http://schemas.openxmlformats.org/officeDocument/2006/relationships/printerSettings
2022-04-13 11:45:51.967 DEBUG [main] [org.apache.poi.openxml4j.opc.PackageRelationshipCollection.parseRelationshipsPart(PackageRelationshipCollection.java:309)] - Parsing relationship: /xl/_rels/workbook.xml.rels
2022-04-13 11:45:51.968 DEBUG [main] [org.apache.poi.openxml4j.opc.PackageRelationshipCollection.parseRelationshipsPart(PackageRelationshipCollection.java:309)] - Parsing relationship: /xl/worksheets/_rels/sheet1.xml.rels
2022-04-13 11:45:51.968 DEBUG [main] [org.apache.poi.openxml4j.opc.PackageRelationshipCollection.parseRelationshipsPart(PackageRelationshipCollection.java:309)] - Parsing relationship: /_rels/.rels
2022-04-13 11:45:51.976 DEBUG [main] [org.apache.poi.ooxml.POIXMLFactory.createDocumentPart(POIXMLFactory.java:65)] - using default POIXMLDocumentPart for http://schemas.openxmlformats.org/officeDocument/2006/relationships/printerSettings
2022-04-13 11:45:51.985 DEBUG [main] [org.apache.poi.openxml4j.opc.PackageRelationshipCollection.parseRelationshipsPart(PackageRelationshipCollection.java:309)] - Parsing relationship: /xl/_rels/workbook.xml.rels
2022-04-13 11:45:51.986 DEBUG [main] [org.apache.poi.openxml4j.opc.PackageRelationshipCollection.parseRelationshipsPart(PackageRelationshipCollection.java:309)] - Parsing relationship: /xl/worksheets/_rels/sheet1.xml.rels
2022-04-13 11:45:51.987 DEBUG [main] [org.apache.poi.openxml4j.opc.PackageRelationshipCollection.parseRelationshipsPart(PackageRelationshipCollection.java:309)] - Parsing relationship: /_rels/.rels
2022-04-13 11:45:51.993 DEBUG [main] [org.apache.poi.ooxml.POIXMLFactory.createDocumentPart(POIXMLFactory.java:65)] - using default POIXMLDocumentPart for http://schemas.openxmlformats.org/officeDocument/2006/relationships/printerSettings
2022-04-13 11:45:52.025 INFO [main] [CreateUser.create_user(CreateUser.java:63)] - name, gender, email and status added
